Virtual User Script started at: 10.11.2023 19:19:13
Starting action vuser_init.
Web Turbo Replay of LoadRunner 2020.0.0 for Windows 10; build 793 (ноя 27 2019 19:51:20)  	[MsgId: MMSG-26983]
Run mode: HTML  	[MsgId: MMSG-26993]
Replay user agent: Mozilla/5.0 (compatible; MSIE 10.0; Windows NT 6.1; Trident/6.0)  	[MsgId: MMSG-26988]
Runtime Settings file: "D:\VuGen\Scripts\UC5_ReservView\\default.cfg"  	[MsgId: MMSG-27141]
Ending action vuser_init.
Running Vuser...
Starting iteration 1.
Maximum number of concurrent connections per server: 6  	[MsgId: MMSG-26989]
Starting action Action.
Action.c(4): Notify: Transaction "UC5_ReservViewDeleteAdd" started.
Action.c(6): Notify: Transaction "StartWebTours" started.
Action.c(8): web_reg_save_param_attrib started  	[MsgId: MMSG-26355]
Action.c(8): Registering web_reg_save_param_attrib was successful  	[MsgId: MMSG-26390]
Action.c(19): web_reg_find started  	[MsgId: MMSG-26355]
Action.c(19): Registering web_reg_find was successful  	[MsgId: MMSG-26390]
Action.c(21): web_url("WebTours") started  	[MsgId: MMSG-26355]
Action.c(21): Detected non-resource "http://localhost:1080/WebTours/header.html" in "http://localhost:1080/WebTours/"  	[MsgId: MMSG-26574]
Action.c(21): Detected non-resource "http://localhost:1080/cgi-bin/welcome.pl?signOff=true" in "http://localhost:1080/WebTours/"  	[MsgId: MMSG-26574]
Action.c(21): Downloading resource "http://pki.goog/repo/certs/gts1c3.der" (specified by argument number 10)  	[MsgId: MMSG-26577]
Action.c(21): Found resource "http://localhost:1080/WebTours/images/hp_logo.png" in HTML "http://localhost:1080/WebTours/header.html"  	[MsgId: MMSG-26659]
Action.c(21): Found resource "http://localhost:1080/WebTours/images/webtours.png" in HTML "http://localhost:1080/WebTours/header.html"  	[MsgId: MMSG-26659]
Action.c(21): Detected non-resource "http://localhost:1080/cgi-bin/nav.pl?in=home" in "http://localhost:1080/cgi-bin/welcome.pl?signOff=true"  	[MsgId: MMSG-26574]
Action.c(21): Detected non-resource "http://localhost:1080/WebTours/home.html" in "http://localhost:1080/cgi-bin/welcome.pl?signOff=true"  	[MsgId: MMSG-26574]
Action.c(21): Found resource "http://localhost:1080/WebTours/images/mer_login.gif" in HTML "http://localhost:1080/cgi-bin/nav.pl?in=home"  	[MsgId: MMSG-26659]
Action.c(21): Notify: Saving Parameter "userSession = 137677.857675172HAiViAtpiAtVzzzHtctQApiciicf".
Action.c(21): Registered web_reg_find successful for "Text=Welcome to the Web Tours site." (count=1)  	[MsgId: MMSG-26364]
Action.c(21): web_url("WebTours") was successful, 11384 body bytes, 3109 header bytes, 24 chunking overhead bytes  	[MsgId: MMSG-26385]
Action.c(33): Notify: Transaction "StartWebTours" ended with a "Pass" status (Duration: 0.3053 Wasted Time: 0.1157).
Action.c(35): Notify: Transaction "LogIn" started.
Action.c(37): web_reg_find started  	[MsgId: MMSG-26355]
Action.c(37): Notify: Parameter Substitution: parameter "login" =  "denis"
Action.c(37): Registering web_reg_find was successful  	[MsgId: MMSG-26390]
Action.c(38): web_reg_find started  	[MsgId: MMSG-26355]
Action.c(38): Registering web_reg_find was successful  	[MsgId: MMSG-26390]
Action.c(39): web_submit_data("login.pl") started  	[MsgId: MMSG-26355]
Action.c(39): Notify: Parameter Substitution: parameter "userSession" =  "137677.857675172HAiViAtpiAtVzzzHtctQApiciicf"
Action.c(39): Notify: Parameter Substitution: parameter "login" =  "denis"
Action.c(39): Notify: Next row for parameter password = 2 [table  = password].
Action.c(39): Notify: Parameter Substitution: parameter "password" =  "1234"
Action.c(39): Detected non-resource "http://localhost:1080/cgi-bin/nav.pl?page=menu&in=home" in "http://localhost:1080/cgi-bin/login.pl"  	[MsgId: MMSG-26574]
Action.c(39): Detected non-resource "http://localhost:1080/cgi-bin/login.pl?intro=true" in "http://localhost:1080/cgi-bin/login.pl"  	[MsgId: MMSG-26574]
Action.c(39): Found resource "http://localhost:1080/WebTours/images/flights.gif" in HTML "http://localhost:1080/cgi-bin/nav.pl?page=menu&in=home"  	[MsgId: MMSG-26659]
Action.c(39): Found resource "http://localhost:1080/WebTours/images/itinerary.gif" in HTML "http://localhost:1080/cgi-bin/nav.pl?page=menu&in=home"  	[MsgId: MMSG-26659]
Action.c(39): Found resource "http://localhost:1080/WebTours/images/in_home.gif" in HTML "http://localhost:1080/cgi-bin/nav.pl?page=menu&in=home"  	[MsgId: MMSG-26659]
Action.c(39): Found resource "http://localhost:1080/WebTours/images/signoff.gif" in HTML "http://localhost:1080/cgi-bin/nav.pl?page=menu&in=home"  	[MsgId: MMSG-26659]
Action.c(39): Registered web_reg_find successful for "Text=Welcome, <b>denis</b>, to the Web Tours reservation pages." (count=1)  	[MsgId: MMSG-26364]
Action.c(39): Registered web_reg_find successful for "Text=Using the menu to the left, you can search for new flights to book" (count=1)  	[MsgId: MMSG-26364]
Action.c(39): web_submit_data("login.pl") was successful, 5780 body bytes, 2039 header bytes, 36 chunking overhead bytes  	[MsgId: MMSG-26385]
Action.c(56): Notify: Transaction "LogIn" ended with a "Pass" status (Duration: 0,1690 Wasted Time: 0,0071).
Action.c(58): Notify: Transaction "ViewAllTicket" started.
Action.c(60): web_reg_find started  	[MsgId: MMSG-26355]
Action.c(60): Registering web_reg_find was successful  	[MsgId: MMSG-26390]
Action.c(61): web_url("Itinerary Button") started  	[MsgId: MMSG-26355]
Action.c(61): Detected non-resource "http://localhost:1080/cgi-bin/nav.pl?page=menu&in=itinerary" in "http://localhost:1080/cgi-bin/welcome.pl?page=itinerary"  	[MsgId: MMSG-26574]
Action.c(61): Detected non-resource "http://localhost:1080/cgi-bin/itinerary.pl" in "http://localhost:1080/cgi-bin/welcome.pl?page=itinerary"  	[MsgId: MMSG-26574]
Action.c(61): Resource "http://localhost:1080/WebTours/images/flights.gif" is in the cache already and will not be downloaded again  	[MsgId: MMSG-26655]
Action.c(61): Found resource "http://localhost:1080/WebTours/images/in_itinerary.gif" in HTML "http://localhost:1080/cgi-bin/nav.pl?page=menu&in=itinerary"  	[MsgId: MMSG-26659]
Action.c(61): Found resource "http://localhost:1080/WebTours/images/home.gif" in HTML "http://localhost:1080/cgi-bin/nav.pl?page=menu&in=itinerary"  	[MsgId: MMSG-26659]
Action.c(61): Resource "http://localhost:1080/WebTours/images/signoff.gif" is in the cache already and will not be downloaded again  	[MsgId: MMSG-26655]
Action.c(61): Found resource "http://localhost:1080/WebTours/images/cancelreservation.gif" in HTML "http://localhost:1080/cgi-bin/itinerary.pl"  	[MsgId: MMSG-26659]
Action.c(61): Found resource "http://localhost:1080/WebTours/images/cancelallreservations.gif" in HTML "http://localhost:1080/cgi-bin/itinerary.pl"  	[MsgId: MMSG-26659]
Action.c(61): Registered web_reg_find successful for "Text=Itinerary" (count=3)  	[MsgId: MMSG-26364]
Action.c(61): web_url("Itinerary Button") was successful, 12123 body bytes, 1913 header bytes, 43 chunking overhead bytes  	[MsgId: MMSG-26385]
Action.c(71): Notify: Transaction "ViewAllTicket" ended with a "Pass" status (Duration: 0,1850 Wasted Time: 0,0056).
Action.c(73): Notify: Transaction "UC5_ReservViewDeleteAdd" ended with a "Pass" status (Duration: 0,7219 Wasted Time: 0,1284).
Ending action Action.
Ending iteration 1.
Ending Vuser...
Starting action vuser_end.
Ending action vuser_end.
Vuser Terminated.
Vuser 0 (thread 12604), ended OK."
